<?xml version="1.0" encoding="UTF-8"?>
<!-- Generated by org.testng.reporters.JUnitReportReporter -->
<testsuite skipped="0" hostname="CFWHTN2" name="Automation.Microservice.TestCaseClass" tests="1" failures="0" timestamp="2020-05-12T14:20:50 IST" time="2.946" errors="0">
  <testcase name="MainTest" time="2.946" classname="Automation.Microservice.TestCaseClass"/>
  <system-out/>
</testsuite> <!-- Automation.Microservice.TestCaseClass -->
